[21:53:08 [32minfo[39m]: Iniciando y Conectando a la DB
[21:53:08 [31merror[39m]: uncaughtException: Received one or more errors
Error: Received one or more errors
    at ArrayValidator.handle (C:\Users\noehu\OneDrive\Escritorio\Pantro Bot\discordBots\Bots Publicos CD\node_modules\@sapphire\shapeshift\dist\index.js:473:70)
    at ArrayValidator.parse (C:\Users\noehu\OneDrive\Escritorio\Pantro Bot\discordBots\Bots Publicos CD\node_modules\@sapphire\shapeshift\dist\index.js:212:88)
    at EmbedBuilder.addFields (C:\Users\noehu\OneDrive\Escritorio\Pantro Bot\discordBots\Bots Publicos CD\node_modules\@discordjs\builders\dist\index.js:222:31)
    at process.<anonymous> (C:\Users\noehu\OneDrive\Escritorio\Pantro Bot\discordBots\Bots Publicos CD\Plugins\anticrash.js:98:14)
    at process.emit (node:events:525:35)
    at doEmitWarning (node:internal/process/warning:89:11)
    at process.processTicksAndRejections (node:internal/process/task_queues:81:21)
[21:53:08 [31merror[39m]: uncaughtException: Received one or more errors
Error: Received one or more errors
    at ArrayValidator.handle (C:\Users\noehu\OneDrive\Escritorio\Pantro Bot\discordBots\Bots Publicos CD\node_modules\@sapphire\shapeshift\dist\index.js:473:70)
    at ArrayValidator.parse (C:\Users\noehu\OneDrive\Escritorio\Pantro Bot\discordBots\Bots Publicos CD\node_modules\@sapphire\shapeshift\dist\index.js:212:88)
    at EmbedBuilder.addFields (C:\Users\noehu\OneDrive\Escritorio\Pantro Bot\discordBots\Bots Publicos CD\node_modules\@discordjs\builders\dist\index.js:222:31)
    at process.<anonymous> (C:\Users\noehu\OneDrive\Escritorio\Pantro Bot\discordBots\Bots Publicos CD\Plugins\anticrash.js:98:14)
    at process.emit (node:events:525:35)
    at doEmitWarning (node:internal/process/warning:89:11)
    at process.processTicksAndRejections (node:internal/process/task_queues:81:21)
[21:53:08 [32minfo[39m]: Bot Iniciado con Exito Dia de Registro Sat Jul 08 2023 16:53:08
[21:54:46 [32minfo[39m]: Iniciando y Conectando a la DB
[21:54:46 [31merror[39m]: uncaughtException: Received one or more errors
Error: Received one or more errors
    at ArrayValidator.handle (C:\Users\noehu\OneDrive\Escritorio\Pantro Bot\discordBots\Bots Publicos CD\node_modules\@sapphire\shapeshift\dist\index.js:473:70)
    at ArrayValidator.parse (C:\Users\noehu\OneDrive\Escritorio\Pantro Bot\discordBots\Bots Publicos CD\node_modules\@sapphire\shapeshift\dist\index.js:212:88)
    at EmbedBuilder.addFields (C:\Users\noehu\OneDrive\Escritorio\Pantro Bot\discordBots\Bots Publicos CD\node_modules\@discordjs\builders\dist\index.js:222:31)
    at process.<anonymous> (C:\Users\noehu\OneDrive\Escritorio\Pantro Bot\discordBots\Bots Publicos CD\Plugins\anticrash.js:98:14)
    at process.emit (node:events:525:35)
    at doEmitWarning (node:internal/process/warning:89:11)
    at process.processTicksAndRejections (node:internal/process/task_queues:81:21)
[21:54:46 [31merror[39m]: uncaughtException: Received one or more errors
Error: Received one or more errors
    at ArrayValidator.handle (C:\Users\noehu\OneDrive\Escritorio\Pantro Bot\discordBots\Bots Publicos CD\node_modules\@sapphire\shapeshift\dist\index.js:473:70)
    at ArrayValidator.parse (C:\Users\noehu\OneDrive\Escritorio\Pantro Bot\discordBots\Bots Publicos CD\node_modules\@sapphire\shapeshift\dist\index.js:212:88)
    at EmbedBuilder.addFields (C:\Users\noehu\OneDrive\Escritorio\Pantro Bot\discordBots\Bots Publicos CD\node_modules\@discordjs\builders\dist\index.js:222:31)
    at process.<anonymous> (C:\Users\noehu\OneDrive\Escritorio\Pantro Bot\discordBots\Bots Publicos CD\Plugins\anticrash.js:98:14)
    at process.emit (node:events:525:35)
    at doEmitWarning (node:internal/process/warning:89:11)
    at process.processTicksAndRejections (node:internal/process/task_queues:81:21)
[21:54:46 [32minfo[39m]: Bot Iniciado con Exito Dia de Registro Sat Jul 08 2023 16:54:46
[22:01:09 [32minfo[39m]: Iniciando y Conectando a la DB
[22:01:09 [31merror[39m]: uncaughtException: Received one or more errors
Error: Received one or more errors
    at ArrayValidator.handle (C:\Users\noehu\OneDrive\Escritorio\Pantro Bot\discordBots\Bots Publicos CD\node_modules\@sapphire\shapeshift\dist\index.js:473:70)
    at ArrayValidator.parse (C:\Users\noehu\OneDrive\Escritorio\Pantro Bot\discordBots\Bots Publicos CD\node_modules\@sapphire\shapeshift\dist\index.js:212:88)
    at EmbedBuilder.addFields (C:\Users\noehu\OneDrive\Escritorio\Pantro Bot\discordBots\Bots Publicos CD\node_modules\@discordjs\builders\dist\index.js:222:31)
    at process.<anonymous> (C:\Users\noehu\OneDrive\Escritorio\Pantro Bot\discordBots\Bots Publicos CD\Plugins\anticrash.js:98:14)
    at process.emit (node:events:525:35)
    at doEmitWarning (node:internal/process/warning:89:11)
    at process.processTicksAndRejections (node:internal/process/task_queues:81:21)
[22:01:09 [31merror[39m]: uncaughtException: Received one or more errors
Error: Received one or more errors
    at ArrayValidator.handle (C:\Users\noehu\OneDrive\Escritorio\Pantro Bot\discordBots\Bots Publicos CD\node_modules\@sapphire\shapeshift\dist\index.js:473:70)
    at ArrayValidator.parse (C:\Users\noehu\OneDrive\Escritorio\Pantro Bot\discordBots\Bots Publicos CD\node_modules\@sapphire\shapeshift\dist\index.js:212:88)
    at EmbedBuilder.addFields (C:\Users\noehu\OneDrive\Escritorio\Pantro Bot\discordBots\Bots Publicos CD\node_modules\@discordjs\builders\dist\index.js:222:31)
    at process.<anonymous> (C:\Users\noehu\OneDrive\Escritorio\Pantro Bot\discordBots\Bots Publicos CD\Plugins\anticrash.js:98:14)
    at process.emit (node:events:525:35)
    at doEmitWarning (node:internal/process/warning:89:11)
    at process.processTicksAndRejections (node:internal/process/task_queues:81:21)
[22:01:09 [32minfo[39m]: Bot Iniciado con Exito Dia de Registro Sat Jul 08 2023 17:01:09
[22:02:09 [32minfo[39m]: Iniciando y Conectando a la DB
[22:02:09 [31merror[39m]: uncaughtException: Received one or more errors
Error: Received one or more errors
    at ArrayValidator.handle (C:\Users\noehu\OneDrive\Escritorio\Pantro Bot\discordBots\Bots Publicos CD\node_modules\@sapphire\shapeshift\dist\index.js:473:70)
    at ArrayValidator.parse (C:\Users\noehu\OneDrive\Escritorio\Pantro Bot\discordBots\Bots Publicos CD\node_modules\@sapphire\shapeshift\dist\index.js:212:88)
    at EmbedBuilder.addFields (C:\Users\noehu\OneDrive\Escritorio\Pantro Bot\discordBots\Bots Publicos CD\node_modules\@discordjs\builders\dist\index.js:222:31)
    at process.<anonymous> (C:\Users\noehu\OneDrive\Escritorio\Pantro Bot\discordBots\Bots Publicos CD\Plugins\anticrash.js:98:14)
    at process.emit (node:events:525:35)
    at doEmitWarning (node:internal/process/warning:89:11)
    at process.processTicksAndRejections (node:internal/process/task_queues:81:21)
[22:02:09 [31merror[39m]: uncaughtException: Received one or more errors
Error: Received one or more errors
    at ArrayValidator.handle (C:\Users\noehu\OneDrive\Escritorio\Pantro Bot\discordBots\Bots Publicos CD\node_modules\@sapphire\shapeshift\dist\index.js:473:70)
    at ArrayValidator.parse (C:\Users\noehu\OneDrive\Escritorio\Pantro Bot\discordBots\Bots Publicos CD\node_modules\@sapphire\shapeshift\dist\index.js:212:88)
    at EmbedBuilder.addFields (C:\Users\noehu\OneDrive\Escritorio\Pantro Bot\discordBots\Bots Publicos CD\node_modules\@discordjs\builders\dist\index.js:222:31)
    at process.<anonymous> (C:\Users\noehu\OneDrive\Escritorio\Pantro Bot\discordBots\Bots Publicos CD\Plugins\anticrash.js:98:14)
    at process.emit (node:events:525:35)
    at doEmitWarning (node:internal/process/warning:89:11)
    at process.processTicksAndRejections (node:internal/process/task_queues:81:21)
[22:02:09 [32minfo[39m]: Bot Iniciado con Exito Dia de Registro Sat Jul 08 2023 17:02:09
[22:03:44 [32minfo[39m]: Iniciando y Conectando a la DB
[22:03:44 [31merror[39m]: uncaughtException: Received one or more errors
Error: Received one or more errors
    at ArrayValidator.handle (C:\Users\noehu\OneDrive\Escritorio\Pantro Bot\discordBots\Bots Publicos CD\node_modules\@sapphire\shapeshift\dist\index.js:473:70)
    at ArrayValidator.parse (C:\Users\noehu\OneDrive\Escritorio\Pantro Bot\discordBots\Bots Publicos CD\node_modules\@sapphire\shapeshift\dist\index.js:212:88)
    at EmbedBuilder.addFields (C:\Users\noehu\OneDrive\Escritorio\Pantro Bot\discordBots\Bots Publicos CD\node_modules\@discordjs\builders\dist\index.js:222:31)
    at process.<anonymous> (C:\Users\noehu\OneDrive\Escritorio\Pantro Bot\discordBots\Bots Publicos CD\Plugins\anticrash.js:98:14)
    at process.emit (node:events:525:35)
    at doEmitWarning (node:internal/process/warning:89:11)
    at process.processTicksAndRejections (node:internal/process/task_queues:81:21)
[22:03:44 [31merror[39m]: uncaughtException: Received one or more errors
Error: Received one or more errors
    at ArrayValidator.handle (C:\Users\noehu\OneDrive\Escritorio\Pantro Bot\discordBots\Bots Publicos CD\node_modules\@sapphire\shapeshift\dist\index.js:473:70)
    at ArrayValidator.parse (C:\Users\noehu\OneDrive\Escritorio\Pantro Bot\discordBots\Bots Publicos CD\node_modules\@sapphire\shapeshift\dist\index.js:212:88)
    at EmbedBuilder.addFields (C:\Users\noehu\OneDrive\Escritorio\Pantro Bot\discordBots\Bots Publicos CD\node_modules\@discordjs\builders\dist\index.js:222:31)
    at process.<anonymous> (C:\Users\noehu\OneDrive\Escritorio\Pantro Bot\discordBots\Bots Publicos CD\Plugins\anticrash.js:98:14)
    at process.emit (node:events:525:35)
    at doEmitWarning (node:internal/process/warning:89:11)
    at process.processTicksAndRejections (node:internal/process/task_queues:81:21)
[22:03:44 [32minfo[39m]: Bot Iniciado con Exito Dia de Registro Sat Jul 08 2023 17:03:44
[22:05:08 [32minfo[39m]: Iniciando y Conectando a la DB
[22:05:08 [31merror[39m]: uncaughtException: Received one or more errors
Error: Received one or more errors
    at ArrayValidator.handle (C:\Users\noehu\OneDrive\Escritorio\Pantro Bot\discordBots\Bots Publicos CD\node_modules\@sapphire\shapeshift\dist\index.js:473:70)
    at ArrayValidator.parse (C:\Users\noehu\OneDrive\Escritorio\Pantro Bot\discordBots\Bots Publicos CD\node_modules\@sapphire\shapeshift\dist\index.js:212:88)
    at EmbedBuilder.addFields (C:\Users\noehu\OneDrive\Escritorio\Pantro Bot\discordBots\Bots Publicos CD\node_modules\@discordjs\builders\dist\index.js:222:31)
    at process.<anonymous> (C:\Users\noehu\OneDrive\Escritorio\Pantro Bot\discordBots\Bots Publicos CD\Plugins\anticrash.js:98:14)
    at process.emit (node:events:525:35)
    at doEmitWarning (node:internal/process/warning:89:11)
    at process.processTicksAndRejections (node:internal/process/task_queues:81:21)
[22:05:08 [31merror[39m]: uncaughtException: Received one or more errors
Error: Received one or more errors
    at ArrayValidator.handle (C:\Users\noehu\OneDrive\Escritorio\Pantro Bot\discordBots\Bots Publicos CD\node_modules\@sapphire\shapeshift\dist\index.js:473:70)
    at ArrayValidator.parse (C:\Users\noehu\OneDrive\Escritorio\Pantro Bot\discordBots\Bots Publicos CD\node_modules\@sapphire\shapeshift\dist\index.js:212:88)
    at EmbedBuilder.addFields (C:\Users\noehu\OneDrive\Escritorio\Pantro Bot\discordBots\Bots Publicos CD\node_modules\@discordjs\builders\dist\index.js:222:31)
    at process.<anonymous> (C:\Users\noehu\OneDrive\Escritorio\Pantro Bot\discordBots\Bots Publicos CD\Plugins\anticrash.js:98:14)
    at process.emit (node:events:525:35)
    at doEmitWarning (node:internal/process/warning:89:11)
    at process.processTicksAndRejections (node:internal/process/task_queues:81:21)
[22:05:08 [32minfo[39m]: Bot Iniciado con Exito Dia de Registro Sat Jul 08 2023 17:05:08
[22:06:01 [32minfo[39m]: Iniciando y Conectando a la DB
[22:06:01 [31merror[39m]: uncaughtException: Received one or more errors
Error: Received one or more errors
    at ArrayValidator.handle (C:\Users\noehu\OneDrive\Escritorio\Pantro Bot\discordBots\Bots Publicos CD\node_modules\@sapphire\shapeshift\dist\index.js:473:70)
    at ArrayValidator.parse (C:\Users\noehu\OneDrive\Escritorio\Pantro Bot\discordBots\Bots Publicos CD\node_modules\@sapphire\shapeshift\dist\index.js:212:88)
    at EmbedBuilder.addFields (C:\Users\noehu\OneDrive\Escritorio\Pantro Bot\discordBots\Bots Publicos CD\node_modules\@discordjs\builders\dist\index.js:222:31)
    at process.<anonymous> (C:\Users\noehu\OneDrive\Escritorio\Pantro Bot\discordBots\Bots Publicos CD\Plugins\anticrash.js:98:14)
    at process.emit (node:events:525:35)
    at doEmitWarning (node:internal/process/warning:89:11)
    at process.processTicksAndRejections (node:internal/process/task_queues:81:21)
[22:06:01 [31merror[39m]: uncaughtException: Received one or more errors
Error: Received one or more errors
    at ArrayValidator.handle (C:\Users\noehu\OneDrive\Escritorio\Pantro Bot\discordBots\Bots Publicos CD\node_modules\@sapphire\shapeshift\dist\index.js:473:70)
    at ArrayValidator.parse (C:\Users\noehu\OneDrive\Escritorio\Pantro Bot\discordBots\Bots Publicos CD\node_modules\@sapphire\shapeshift\dist\index.js:212:88)
    at EmbedBuilder.addFields (C:\Users\noehu\OneDrive\Escritorio\Pantro Bot\discordBots\Bots Publicos CD\node_modules\@discordjs\builders\dist\index.js:222:31)
    at process.<anonymous> (C:\Users\noehu\OneDrive\Escritorio\Pantro Bot\discordBots\Bots Publicos CD\Plugins\anticrash.js:98:14)
    at process.emit (node:events:525:35)
    at doEmitWarning (node:internal/process/warning:89:11)
    at process.processTicksAndRejections (node:internal/process/task_queues:81:21)
[22:06:01 [32minfo[39m]: Bot Iniciado con Exito Dia de Registro Sat Jul 08 2023 17:06:01
[22:07:35 [32minfo[39m]: Iniciando y Conectando a la DB
[22:07:35 [31merror[39m]: uncaughtException: Received one or more errors
Error: Received one or more errors
    at ArrayValidator.handle (C:\Users\noehu\OneDrive\Escritorio\Pantro Bot\discordBots\Bots Publicos CD\node_modules\@sapphire\shapeshift\dist\index.js:473:70)
    at ArrayValidator.parse (C:\Users\noehu\OneDrive\Escritorio\Pantro Bot\discordBots\Bots Publicos CD\node_modules\@sapphire\shapeshift\dist\index.js:212:88)
    at EmbedBuilder.addFields (C:\Users\noehu\OneDrive\Escritorio\Pantro Bot\discordBots\Bots Publicos CD\node_modules\@discordjs\builders\dist\index.js:222:31)
    at process.<anonymous> (C:\Users\noehu\OneDrive\Escritorio\Pantro Bot\discordBots\Bots Publicos CD\Plugins\anticrash.js:98:14)
    at process.emit (node:events:525:35)
    at doEmitWarning (node:internal/process/warning:89:11)
    at process.processTicksAndRejections (node:internal/process/task_queues:81:21)
[22:07:35 [31merror[39m]: uncaughtException: Received one or more errors
Error: Received one or more errors
    at ArrayValidator.handle (C:\Users\noehu\OneDrive\Escritorio\Pantro Bot\discordBots\Bots Publicos CD\node_modules\@sapphire\shapeshift\dist\index.js:473:70)
    at ArrayValidator.parse (C:\Users\noehu\OneDrive\Escritorio\Pantro Bot\discordBots\Bots Publicos CD\node_modules\@sapphire\shapeshift\dist\index.js:212:88)
    at EmbedBuilder.addFields (C:\Users\noehu\OneDrive\Escritorio\Pantro Bot\discordBots\Bots Publicos CD\node_modules\@discordjs\builders\dist\index.js:222:31)
    at process.<anonymous> (C:\Users\noehu\OneDrive\Escritorio\Pantro Bot\discordBots\Bots Publicos CD\Plugins\anticrash.js:98:14)
    at process.emit (node:events:525:35)
    at doEmitWarning (node:internal/process/warning:89:11)
    at process.processTicksAndRejections (node:internal/process/task_queues:81:21)
[22:07:35 [32minfo[39m]: Bot Iniciado con Exito Dia de Registro Sat Jul 08 2023 17:07:35
[22:13:02 [32minfo[39m]: Iniciando y Conectando a la DB
[22:13:02 [32minfo[39m]: Bot Iniciado con Exito Dia de Registro Sat Jul 08 2023 17:13:02
[22:23:46 [32minfo[39m]: Iniciando y Conectando a la DB
[22:23:46 [32minfo[39m]: Bot Iniciado con Exito Dia de Registro Sat Jul 08 2023 17:23:46
[22:24:46 [31merror[39m]: interaction is not defined
[22:25:14 [31merror[39m]: interaction is not defined
[22:25:52 [32minfo[39m]: Iniciando y Conectando a la DB
[22:25:52 [32minfo[39m]: Bot Iniciado con Exito Dia de Registro Sat Jul 08 2023 17:25:52
[22:25:56 [31merror[39m]: Cannot read properties of undefined (reading 'bot')
[22:25:56 [31merror[39m]: Cannot read properties of undefined (reading 'bot')
[22:25:56 [31merror[39m]: Cannot read properties of undefined (reading 'bot')
[22:25:57 [31merror[39m]: Cannot read properties of undefined (reading 'bot')
[22:25:57 [31merror[39m]: Cannot read properties of undefined (reading 'bot')
[22:25:58 [31merror[39m]: Cannot read properties of undefined (reading 'bot')
[22:25:58 [31merror[39m]: Cannot read properties of undefined (reading 'bot')
[22:25:58 [31merror[39m]: Cannot read properties of undefined (reading 'bot')
[22:25:59 [31merror[39m]: Cannot read properties of undefined (reading 'bot')
[22:25:59 [31merror[39m]: Cannot read properties of undefined (reading 'bot')
[22:25:59 [31merror[39m]: Cannot read properties of undefined (reading 'bot')
[22:26:00 [31merror[39m]: Cannot read properties of undefined (reading 'bot')
[22:26:00 [31merror[39m]: Cannot read properties of undefined (reading 'bot')
[22:26:01 [31merror[39m]: Cannot read properties of undefined (reading 'bot')
[22:26:01 [31merror[39m]: Cannot read properties of undefined (reading 'bot')
[22:26:02 [31merror[39m]: Cannot read properties of undefined (reading 'bot')
[22:26:02 [31merror[39m]: Cannot read properties of undefined (reading 'bot')
[22:26:02 [31merror[39m]: Cannot read properties of undefined (reading 'bot')
[22:26:02 [31merror[39m]: Cannot read properties of undefined (reading 'bot')
[22:26:03 [31merror[39m]: Cannot read properties of undefined (reading 'bot')
[22:26:03 [31merror[39m]: Cannot read properties of undefined (reading 'bot')
[22:26:04 [31merror[39m]: Cannot read properties of undefined (reading 'bot')
[22:26:05 [31merror[39m]: Cannot read properties of undefined (reading 'bot')
[22:26:07 [31merror[39m]: Cannot read properties of undefined (reading 'bot')
[22:26:07 [31merror[39m]: Cannot read properties of undefined (reading 'bot')
[22:26:09 [31merror[39m]: Cannot read properties of undefined (reading 'bot')
[22:26:10 [31merror[39m]: Cannot read properties of undefined (reading 'bot')
[22:26:11 [31merror[39m]: Cannot read properties of undefined (reading 'bot')
[22:26:12 [31merror[39m]: Cannot read properties of undefined (reading 'bot')
[22:26:13 [31merror[39m]: Cannot read properties of undefined (reading 'bot')
[22:26:13 [31merror[39m]: Cannot read properties of undefined (reading 'bot')
[22:26:14 [31merror[39m]: Cannot read properties of undefined (reading 'bot')
[22:26:14 [31merror[39m]: Cannot read properties of undefined (reading 'bot')
[22:26:15 [31merror[39m]: Cannot read properties of undefined (reading 'bot')
[22:26:15 [31merror[39m]: Cannot read properties of undefined (reading 'bot')
[22:26:15 [31merror[39m]: Cannot read properties of undefined (reading 'bot')
[22:26:16 [31merror[39m]: Cannot read properties of undefined (reading 'bot')
[22:26:17 [31merror[39m]: Cannot read properties of undefined (reading 'bot')
[22:26:17 [31merror[39m]: Cannot read properties of undefined (reading 'bot')
[22:26:17 [31merror[39m]: Cannot read properties of undefined (reading 'bot')
[22:26:18 [31merror[39m]: Cannot read properties of undefined (reading 'bot')
[22:26:18 [31merror[39m]: Cannot read properties of undefined (reading 'bot')
[22:26:18 [31merror[39m]: Cannot read properties of undefined (reading 'bot')
[22:26:31 [32minfo[39m]: Iniciando y Conectando a la DB
[22:26:31 [32minfo[39m]: Bot Iniciado con Exito Dia de Registro Sat Jul 08 2023 17:26:31
[22:26:35 [31merror[39m]: Cannot read properties of undefined (reading 'bot')
[22:26:35 [31merror[39m]: Cannot read properties of undefined (reading 'bot')
[22:26:35 [31merror[39m]: Cannot read properties of undefined (reading 'bot')
[22:26:35 [31merror[39m]: Cannot read properties of undefined (reading 'bot')
[22:26:35 [31merror[39m]: Cannot read properties of undefined (reading 'bot')
[22:26:36 [31merror[39m]: Cannot read properties of undefined (reading 'bot')
[22:26:36 [31merror[39m]: Cannot read properties of undefined (reading 'bot')
[22:26:36 [31merror[39m]: Cannot read properties of undefined (reading 'bot')
[22:26:36 [31merror[39m]: Cannot read properties of undefined (reading 'bot')
[22:26:37 [31merror[39m]: Cannot read properties of undefined (reading 'bot')
[22:26:39 [31merror[39m]: Cannot read properties of undefined (reading 'bot')
[22:26:41 [31merror[39m]: Cannot read properties of undefined (reading 'bot')
[22:26:43 [31merror[39m]: Cannot read properties of undefined (reading 'bot')
[22:26:45 [31merror[39m]: Cannot read properties of undefined (reading 'bot')
[22:26:47 [31merror[39m]: Cannot read properties of undefined (reading 'bot')
[22:26:50 [31merror[39m]: Cannot read properties of undefined (reading 'bot')
[22:26:51 [31merror[39m]: Cannot read properties of undefined (reading 'bot')
[22:26:52 [31merror[39m]: Cannot read properties of undefined (reading 'bot')
[22:26:54 [31merror[39m]: Cannot read properties of undefined (reading 'bot')
[22:26:56 [31merror[39m]: Cannot read properties of undefined (reading 'bot')
[22:26:58 [31merror[39m]: Cannot read properties of undefined (reading 'bot')
[22:27:01 [31merror[39m]: Cannot read properties of undefined (reading 'bot')
[22:27:02 [31merror[39m]: Cannot read properties of undefined (reading 'bot')
[22:27:04 [31merror[39m]: Cannot read properties of undefined (reading 'bot')
[22:27:16 [32minfo[39m]: Iniciando y Conectando a la DB
[22:27:16 [32minfo[39m]: Bot Iniciado con Exito Dia de Registro Sat Jul 08 2023 17:27:16
[22:27:18 [31merror[39m]: Cannot read properties of undefined (reading 'author')
[22:27:18 [31merror[39m]: Cannot read properties of undefined (reading 'author')
[22:27:18 [31merror[39m]: Cannot read properties of undefined (reading 'author')
[22:27:19 [31merror[39m]: Cannot read properties of undefined (reading 'author')
[22:27:19 [31merror[39m]: Cannot read properties of undefined (reading 'author')
[22:27:19 [31merror[39m]: Cannot read properties of undefined (reading 'author')
[22:27:19 [31merror[39m]: Cannot read properties of undefined (reading 'author')
[22:27:20 [31merror[39m]: Cannot read properties of undefined (reading 'author')
[22:27:21 [31merror[39m]: Cannot read properties of undefined (reading 'author')
[22:27:22 [31merror[39m]: Cannot read properties of undefined (reading 'author')
[22:27:25 [31merror[39m]: Cannot read properties of undefined (reading 'author')
[22:27:26 [31merror[39m]: Cannot read properties of undefined (reading 'author')
[22:27:28 [31merror[39m]: Cannot read properties of undefined (reading 'author')
[22:27:39 [32minfo[39m]: Iniciando y Conectando a la DB
[22:27:39 [32minfo[39m]: Bot Iniciado con Exito Dia de Registro Sat Jul 08 2023 17:27:39
[22:27:45 [31merror[39m]: Cannot read properties of undefined (reading 'bot')
[22:27:45 [31merror[39m]: Cannot read properties of undefined (reading 'bot')
[22:27:45 [31merror[39m]: Cannot read properties of undefined (reading 'bot')
[22:27:45 [31merror[39m]: Cannot read properties of undefined (reading 'bot')
[22:27:46 [31merror[39m]: Cannot read properties of undefined (reading 'bot')
[22:27:46 [31merror[39m]: Cannot read properties of undefined (reading 'bot')
[22:27:46 [31merror[39m]: Cannot read properties of undefined (reading 'bot')
[22:27:46 [31merror[39m]: Cannot read properties of undefined (reading 'bot')
[22:27:47 [31merror[39m]: Cannot read properties of undefined (reading 'bot')
[22:27:47 [31merror[39m]: Cannot read properties of undefined (reading 'bot')
[22:27:50 [31merror[39m]: Cannot read properties of undefined (reading 'bot')
[22:27:50 [31merror[39m]: Cannot read properties of undefined (reading 'bot')
[22:27:54 [31merror[39m]: Cannot read properties of undefined (reading 'bot')
[22:27:54 [31merror[39m]: Cannot read properties of undefined (reading 'bot')
[22:27:56 [31merror[39m]: Cannot read properties of undefined (reading 'bot')
[22:27:59 [31merror[39m]: Cannot read properties of undefined (reading 'bot')
[22:28:06 [32minfo[39m]: Iniciando y Conectando a la DB
[22:28:06 [32minfo[39m]: Bot Iniciado con Exito Dia de Registro Sat Jul 08 2023 17:28:06
[22:29:03 [31merror[39m]: interaction is not defined
[22:29:49 [32minfo[39m]: Iniciando y Conectando a la DB
[22:29:49 [32minfo[39m]: Bot Iniciado con Exito Dia de Registro Sat Jul 08 2023 17:29:49
[22:29:52 [31merror[39m]: Cannot read properties of undefined (reading 'displayAvatarURL')
[22:30:01 [31merror[39m]: Cannot read properties of undefined (reading 'displayAvatarURL')
[22:33:52 [32minfo[39m]: Iniciando y Conectando a la DB
[22:33:52 [32minfo[39m]: Bot Iniciado con Exito Dia de Registro Sat Jul 08 2023 17:33:52
[22:34:13 [31merror[39m]: Cannot read properties of undefined (reading 'displayAvatarURL')
[22:34:13 [31merror[39m]: Operation `guilds.findOne()` buffering timed out after 10000ms
[22:34:14 [31merror[39m]: Operation `conteodbs.findOne()` buffering timed out after 10000ms
